Fri Mar 20 13:54:17 CDT 2015
MaxEnt version 3.3.3k
Checking header of /scratch/cjgrady/lm/jobs/job-110-11044462/layers/layer0.asc
Checking header of /scratch/cjgrady/lm/jobs/job-110-11044462/layers/layer1.asc
Checking header of /scratch/cjgrady/lm/jobs/job-110-11044462/layers/layer10.asc
Checking header of /scratch/cjgrady/lm/jobs/job-110-11044462/layers/layer11.asc
Checking header of /scratch/cjgrady/lm/jobs/job-110-11044462/layers/layer12.asc
Checking header of /scratch/cjgrady/lm/jobs/job-110-11044462/layers/layer13.asc
Checking header of /scratch/cjgrady/lm/jobs/job-110-11044462/layers/layer14.asc
Checking header of /scratch/cjgrady/lm/jobs/job-110-11044462/layers/layer15.asc
Checking header of /scratch/cjgrady/lm/jobs/job-110-11044462/layers/layer16.asc
Checking header of /scratch/cjgrady/lm/jobs/job-110-11044462/layers/layer2.asc
Checking header of /scratch/cjgrady/lm/jobs/job-110-11044462/layers/layer3.asc
Checking header of /scratch/cjgrady/lm/jobs/job-110-11044462/layers/layer4.asc
Time since start: 1.055
Checking header of /scratch/cjgrady/lm/jobs/job-110-11044462/layers/layer5.asc
Checking header of /scratch/cjgrady/lm/jobs/job-110-11044462/layers/layer6.asc
Checking header of /scratch/cjgrady/lm/jobs/job-110-11044462/layers/layer7.asc
Checking header of /scratch/cjgrady/lm/jobs/job-110-11044462/layers/layer8.asc
Checking header of /scratch/cjgrady/lm/jobs/job-110-11044462/layers/layer9.asc
Checking header of /scratch/cjgrady/lm/jobs/job-110-11044462/layers/mask.asc
Reading samples from samples.csv
Read samples: max memory 4772200448, total allocated 2025062400, free 1951102024, used 73960376, increment 73960376
Converting file /scratch/cjgrady/lm/jobs/job-110-11044462/layers/layer0.asc size 932005225, max memory = 4772200448
Reading file layer0.asc
Time since start: 17.839
SIGNEDBYTE, 40864048 pixels with data
readGrid: max memory 4772200448, total allocated 2063269888, free 1421508320, used 641761568, increment 567801192
Writing file /scratch/cjgrady/lm/jobs/job-110-11044462/layers/maxent.cache/layer0.mxe
Time since start: 22.038
Converting file /scratch/cjgrady/lm/jobs/job-110-11044462/layers/layer1.asc size 932005225, max memory = 4772200448
Reading file layer1.asc
Time since start: 37.522
SIGNEDBYTE, 40864048 pixels with data
readGrid: max memory 4772200448, total allocated 1824063488, free 958623560, used 865439928, increment 223678360
Writing file /scratch/cjgrady/lm/jobs/job-110-11044462/layers/maxent.cache/layer1.mxe
Time since start: 41.889
Converting file /scratch/cjgrady/lm/jobs/job-110-11044462/layers/layer10.asc size 713045348, max memory = 4772200448
Reading file layer10.asc
Time since start: 56.524
SHORT, 40869192 pixels with data
readGrid: max memory 4772200448, total allocated 3172204544, free 877697576, used 2294506968, increment 1429067040
Writing file /scratch/cjgrady/lm/jobs/job-110-11044462/layers/maxent.cache/layer10.mxe
Time since start: 66.155
Converting file /scratch/cjgrady/lm/jobs/job-110-11044462/layers/layer11.asc size 932005225, max memory = 4772200448
Reading file layer11.asc
Time since start: 82.228
SIGNEDBYTE, 40864048 pixels with data
readGrid: max memory 4772200448, total allocated 2804678656, free 659555752, used 2145122904, increment -149384064
Writing file /scratch/cjgrady/lm/jobs/job-110-11044462/layers/maxent.cache/layer11.mxe
Time since start: 86.962
Converting file /scratch/cjgrady/lm/jobs/job-110-11044462/layers/layer12.asc size 701108858, max memory = 4772200448
Reading file layer12.asc
Time since start: 101.519
SHORT, 40869192 pixels with data
readGrid: max memory 4772200448, total allocated 3164143616, free 1761333608, used 1402810008, increment -742312896
Writing file /scratch/cjgrady/lm/jobs/job-110-11044462/layers/maxent.cache/layer12.mxe
Time since start: 110.964
Converting file /scratch/cjgrady/lm/jobs/job-110-11044462/layers/layer13.asc size 1674543889, max memory = 4772200448
Determining type of file layer13.asc
Writing file /scratch/cjgrady/lm/jobs/job-110-11044462/layers/maxent.cache/layer13.mxe
Time since start: 189.31
Converting file /scratch/cjgrady/lm/jobs/job-110-11044462/layers/layer14.asc size 1680646580, max memory = 4772200448
Determining type of file layer14.asc
Writing file /scratch/cjgrady/lm/jobs/job-110-11044462/layers/maxent.cache/layer14.mxe
Time since start: 265.646
Converting file /scratch/cjgrady/lm/jobs/job-110-11044462/layers/layer15.asc size 1677669730, max memory = 4772200448
Determining type of file layer15.asc
Writing file /scratch/cjgrady/lm/jobs/job-110-11044462/layers/maxent.cache/layer15.mxe
Time since start: 344.571
Converting file /scratch/cjgrady/lm/jobs/job-110-11044462/layers/layer16.asc size 1535399409, max memory = 4772200448
Determining type of file layer16.asc
Writing file /scratch/cjgrady/lm/jobs/job-110-11044462/layers/maxent.cache/layer16.mxe
Time since start: 403.802
Converting file /scratch/cjgrady/lm/jobs/job-110-11044462/layers/layer2.asc size 1398760915, max memory = 4772200448
Determining type of file layer2.asc
Writing file /scratch/cjgrady/lm/jobs/job-110-11044462/layers/maxent.cache/layer2.mxe
Time since start: 452.012
Converting file /scratch/cjgrady/lm/jobs/job-110-11044462/layers/layer3.asc size 722021563, max memory = 4772200448
Reading file layer3.asc
Time since start: 466.177
SHORT, 40869192 pixels with data
readGrid: max memory 4772200448, total allocated 2466381824, free 770965312, used 1695416512, increment 292606504
Writing file /scratch/cjgrady/lm/jobs/job-110-11044462/layers/maxent.cache/layer3.mxe
Time since start: 475.618
Converting file /scratch/cjgrady/lm/jobs/job-110-11044462/layers/layer4.asc size 676858934, max memory = 4772200448
Reading file layer4.asc
Time since start: 490.071
BYTE, 40869192 pixels with data
readGrid: max memory 4772200448, total allocated 1792475136, free 598701880, used 1193773256, increment -501643256
Writing file /scratch/cjgrady/lm/jobs/job-110-11044462/layers/maxent.cache/layer4.mxe
Time since start: 497.966
Converting file /scratch/cjgrady/lm/jobs/job-110-11044462/layers/layer5.asc size 706760949, max memory = 4772200448
Reading file layer5.asc
Time since start: 511.812
SHORT, 40869192 pixels with data
readGrid: max memory 4772200448, total allocated 1439825920, free 362909360, used 1076916560, increment -116856696
Writing file /scratch/cjgrady/lm/jobs/job-110-11044462/layers/maxent.cache/layer5.mxe
Time since start: 520.857
Converting file /scratch/cjgrady/lm/jobs/job-110-11044462/layers/layer6.asc size 932005225, max memory = 4772200448
Reading file layer6.asc
Time since start: 535.518
SIGNEDBYTE, 40864048 pixels with data
readGrid: max memory 4772200448, total allocated 1186529280, free 773229328, used 413299952, increment -663616608
Writing file /scratch/cjgrady/lm/jobs/job-110-11044462/layers/maxent.cache/layer6.mxe
Time since start: 540.419
Converting file /scratch/cjgrady/lm/jobs/job-110-11044462/layers/layer7.asc size 1535541618, max memory = 4772200448
Determining type of file layer7.asc
Writing file /scratch/cjgrady/lm/jobs/job-110-11044462/layers/maxent.cache/layer7.mxe
Time since start: 612.005
Converting file /scratch/cjgrady/lm/jobs/job-110-11044462/layers/layer8.asc size 1508209179, max memory = 4772200448
Determining type of file layer8.asc
Writing file /scratch/cjgrady/lm/jobs/job-110-11044462/layers/maxent.cache/layer8.mxe
Time since start: 674.912
Converting file /scratch/cjgrady/lm/jobs/job-110-11044462/layers/layer9.asc size 717124441, max memory = 4772200448
Reading file layer9.asc
Time since start: 689.041
SHORT, 40869192 pixels with data
readGrid: max memory 4772200448, total allocated 2265055232, free 1474172848, used 790882384, increment 377582432
Writing file /scratch/cjgrady/lm/jobs/job-110-11044462/layers/maxent.cache/layer9.mxe
Time since start: 699.028
Converting file /scratch/cjgrady/lm/jobs/job-110-11044462/layers/mask.asc size 932005225, max memory = 4772200448
Reading file mask.asc
Time since start: 713.529
SIGNEDBYTE, 40864048 pixels with data
readGrid: max memory 4772200448, total allocated 1684144128, free 639858992, used 1044285136, increment 253402752
Writing file /scratch/cjgrady/lm/jobs/job-110-11044462/layers/maxent.cache/mask.mxe
Time since start: 718.341
Extractor: max memory 4772200448, total allocated 1684144128, free 639858992, used 1044285136, increment 0
Extracting random background and sample data
Warning: Sample at -93.46805, 36.61194 in samples.csv is missing some environmental data (e.g. layer0)
Warning: Skipping sample at -93.46805, 36.61194 which has no environmental data
Warning: Sample at -92.028995, 35.542425 in samples.csv is missing some environmental data (e.g. layer0)
Warning: Skipping sample at -92.028995, 35.542425 which has no environmental data
Time since start: 788.994
40824659 points with values for all grids
Adding samples to background in feature space
Command line used:  -s /scratch/cjgrady/lm/jobs/job-110-11044462/samples.csv -e /scratch/cjgrady/lm/jobs/job-110-11044462/layers -o /scratch/cjgrady/lm/jobs/job-110-11044462 --responsecurves=false --jackknife=true --threshold=false --maximumiterations=500 --outputformat=raw --convergencethreshold=1e-05 nowarnings autorun -z
Command line to repeat: java density.MaxEnt nowarnings noprefixes outputdirectory=/scratch/cjgrady/lm/jobs/job-110-11044462 samplesfile=/scratch/cjgrady/lm/jobs/job-110-11044462/samples.csv environmentallayers=/scratch/cjgrady/lm/jobs/job-110-11044462/layers nowarnings autorun novisible
Species: Ruellia_pedunculata
Layers: layer0 layer1 layer10 layer11 layer12 layer13 layer14 layer15 layer16 layer2 layer3 layer4 layer5 layer6 layer7 layer8 layer9 mask
Layertypes: Continuous Continuous Continuous Continuous Continuous Continuous Continuous Continuous Continuous Continuous Continuous Continuous Continuous Continuous Continuous Continuous Continuous Continuous
outputdirectory: /scratch/cjgrady/lm/jobs/job-110-11044462
samplesfile: /scratch/cjgrady/lm/jobs/job-110-11044462/samples.csv
environmentallayers: /scratch/cjgrady/lm/jobs/job-110-11044462/layers
warnings: false
autorun: true
visible: false

getSamples: max memory 4772200448, total allocated 1684144128, free 619201448, used 1064942680, increment 20657544
Making features
makeFeatures: max memory 4772200448, total allocated 1684144128, free 619201448, used 1064942680, increment 0
Ruellia_pedunculata: 
Regularization values: linear/quadratic/product: 0.050, categorical: 0.250, threshold: 1.000, hinge: 0.500
213 samples
Density: max memory 4772200448, total allocated 1684144128, free 557276416, used 1126867712, increment 61925032
linearPredictor: max memory 4772200448, total allocated 1684144128, free 557276416, used 1126867712, increment 0
FeaturedSpace: max memory 4772200448, total allocated 1684144128, free 557276416, used 1126867712, increment 0
Sequential: max memory 4772200448, total allocated 1684144128, free 557276416, used 1126867712, increment 0
Initial loss: 9.2314166975781
Time since start: 803.245
500: time = 13.328000 loss = 6.238158
Resulting gain: 2.993258502158718
Time since start: 804.912
Projecting...
Writing file /scratch/cjgrady/lm/jobs/job-110-11044462/Ruellia_pedunculata.asc
Time since start: 1100.396
Writing /scratch/cjgrady/lm/jobs/job-110-11044462/plots/Ruellia_pedunculata.png
Time since start: 1121.021
Ending
