20 Mar 2015 13:03 DEBUG    Job start time: 2015-03-20 13:03:33.540235
20 Mar 2015 13:03 DEBUG    -------------------------------------------------------
20 Mar 2015 13:03 DEBUG    Job Id: 11044414
20 Mar 2015 13:03 DEBUG    User Id: cgwillis
20 Mar 2015 13:03 DEBUG    Parent URL: http://lifemapper.org/services/sdm/experiments/1400227
20 Mar 2015 13:03 DEBUG    Object URL: http://lifemapper.org/services/sdm/experiments/1400227
20 Mar 2015 13:03 DEBUG    Institution: University of Kansas Biodiversity Institute
20 Mar 2015 13:03 DEBUG    Admin: CJ Grady
20 Mar 2015 13:03 DEBUG    Admin Email: cjgrady@ku.edu
20 Mar 2015 13:03 DEBUG    Local Machine ID: acf.ku.edu
20 Mar 2015 13:03 DEBUG    -------------------------------------------------------
20 Mar 2015 13:03 DEBUG    Process Id: 10897
20 Mar 2015 13:03 DEBUG    -------------------------------------------------------
20 Mar 2015 13:03 DEBUG    MaxEnt Version: 3.3.3k
20 Mar 2015 13:03 DEBUG    -------------------------------------------------------
20 Mar 2015 13:03 DEBUG    -------------------------------------------------------
20 Mar 2015 13:03 DEBUG    Machine Name: n057
20 Mar 2015 13:03 DEBUG    Machine IP: 10.123.130.57
20 Mar 2015 13:03 DEBUG    Architecture: x86_64
20 Mar 2015 13:03 DEBUG    OS: Linux
20 Mar 2015 13:03 DEBUG    Total Memory: 16393036 kB
20 Mar 2015 13:03 DEBUG    CPU Info: 0 - Quad-Core AMD Opteron(tm) Processor 2378
1 - Quad-Core AMD Opteron(tm) Processor 2378
2 - Quad-Core AMD Opteron(tm) Processor 2378
3 - Quad-Core AMD Opteron(tm) Processor 2378
4 - Quad-Core AMD Opteron(tm) Processor 2378
5 - Quad-Core AMD Opteron(tm) Processor 2378
6 - Quad-Core AMD Opteron(tm) Processor 2378
7 - Quad-Core AMD Opteron(tm) Processor 2378
20 Mar 2015 13:03 DEBUG    Python Version: 2.7.3
20 Mar 2015 13:03 DEBUG    Linux Version: Red Hat Enterprise Linux Server 6.4 Santiago
20 Mar 2015 13:03 DEBUG    -------------------------------------------------------
20 Mar 2015 13:03 DEBUG    Acquiring inputs...
20 Mar 2015 13:03 DEBUG    Inputs acquired...
20 Mar 2015 13:04 DEBUG    [Errno 2] No such file or directory: '/scratch/cjgrady/lm/jobs/job-110-11044414/Tetramerium_nervosum.lambdas'
20 Mar 2015 13:28 DEBUG    Job start time: 2015-03-20 13:28:21.057636
20 Mar 2015 13:28 DEBUG    -------------------------------------------------------
20 Mar 2015 13:28 DEBUG    Job Id: 11044414
20 Mar 2015 13:28 DEBUG    User Id: cgwillis
20 Mar 2015 13:28 DEBUG    Parent URL: http://lifemapper.org/services/sdm/experiments/1400227
20 Mar 2015 13:28 DEBUG    Object URL: http://lifemapper.org/services/sdm/experiments/1400227
20 Mar 2015 13:28 DEBUG    Institution: University of Kansas Biodiversity Institute
20 Mar 2015 13:28 DEBUG    Admin: CJ Grady
20 Mar 2015 13:28 DEBUG    Admin Email: cjgrady@ku.edu
20 Mar 2015 13:28 DEBUG    Local Machine ID: acf.ku.edu
20 Mar 2015 13:28 DEBUG    -------------------------------------------------------
20 Mar 2015 13:28 DEBUG    Process Id: 1418
20 Mar 2015 13:28 DEBUG    -------------------------------------------------------
20 Mar 2015 13:28 DEBUG    MaxEnt Version: 3.3.3k
20 Mar 2015 13:28 DEBUG    -------------------------------------------------------
20 Mar 2015 13:28 DEBUG    -------------------------------------------------------
20 Mar 2015 13:28 DEBUG    Machine Name: n297
20 Mar 2015 13:28 DEBUG    Machine IP: 10.123.131.43
20 Mar 2015 13:28 DEBUG    Architecture: x86_64
20 Mar 2015 13:28 DEBUG    OS: Linux
20 Mar 2015 13:28 DEBUG    Total Memory: 132110248 kB
20 Mar 2015 13:28 DEBUG    CPU Info: 0 - Intel(R) Xeon(R) CPU E5-2660 v2 @ 2.20GHz
1 - Intel(R) Xeon(R) CPU E5-2660 v2 @ 2.20GHz
2 - Intel(R) Xeon(R) CPU E5-2660 v2 @ 2.20GHz
3 - Intel(R) Xeon(R) CPU E5-2660 v2 @ 2.20GHz
4 - Intel(R) Xeon(R) CPU E5-2660 v2 @ 2.20GHz
5 - Intel(R) Xeon(R) CPU E5-2660 v2 @ 2.20GHz
6 - Intel(R) Xeon(R) CPU E5-2660 v2 @ 2.20GHz
7 - Intel(R) Xeon(R) CPU E5-2660 v2 @ 2.20GHz
8 - Intel(R) Xeon(R) CPU E5-2660 v2 @ 2.20GHz
9 - Intel(R) Xeon(R) CPU E5-2660 v2 @ 2.20GHz
10 - Intel(R) Xeon(R) CPU E5-2660 v2 @ 2.20GHz
11 - Intel(R) Xeon(R) CPU E5-2660 v2 @ 2.20GHz
12 - Intel(R) Xeon(R) CPU E5-2660 v2 @ 2.20GHz
13 - Intel(R) Xeon(R) CPU E5-2660 v2 @ 2.20GHz
14 - Intel(R) Xeon(R) CPU E5-2660 v2 @ 2.20GHz
15 - Intel(R) Xeon(R) CPU E5-2660 v2 @ 2.20GHz
16 - Intel(R) Xeon(R) CPU E5-2660 v2 @ 2.20GHz
17 - Intel(R) Xeon(R) CPU E5-2660 v2 @ 2.20GHz
18 - Intel(R) Xeon(R) CPU E5-2660 v2 @ 2.20GHz
19 - Intel(R) Xeon(R) CPU E5-2660 v2 @ 2.20GHz
20 Mar 2015 13:28 DEBUG    Python Version: 2.7.3
20 Mar 2015 13:28 DEBUG    Linux Version: Red Hat Enterprise Linux Server 6.4 Santiago
20 Mar 2015 13:28 DEBUG    -------------------------------------------------------
20 Mar 2015 13:28 DEBUG    Acquiring inputs...
20 Mar 2015 13:28 DEBUG    Inputs acquired...
20 Mar 2015 13:28 DEBUG    [Errno 2] No such file or directory: '/scratch/cjgrady/lm/jobs/job-110-11044414/Tetramerium_nervosum.lambdas'
20 Mar 2015 13:43 DEBUG    Job start time: 2015-03-20 13:43:24.738787
20 Mar 2015 13:43 DEBUG    -------------------------------------------------------
20 Mar 2015 13:43 DEBUG    Job Id: 11044414
20 Mar 2015 13:43 DEBUG    User Id: cgwillis
20 Mar 2015 13:43 DEBUG    Parent URL: http://lifemapper.org/services/sdm/experiments/1400227
20 Mar 2015 13:43 DEBUG    Object URL: http://lifemapper.org/services/sdm/experiments/1400227
20 Mar 2015 13:43 DEBUG    Institution: University of Kansas Biodiversity Institute
20 Mar 2015 13:43 DEBUG    Admin: CJ Grady
20 Mar 2015 13:43 DEBUG    Admin Email: cjgrady@ku.edu
20 Mar 2015 13:43 DEBUG    Local Machine ID: acf.ku.edu
20 Mar 2015 13:43 DEBUG    -------------------------------------------------------
20 Mar 2015 13:43 DEBUG    Process Id: 42872
20 Mar 2015 13:43 DEBUG    -------------------------------------------------------
20 Mar 2015 13:43 DEBUG    MaxEnt Version: 3.3.3k
20 Mar 2015 13:43 DEBUG    -------------------------------------------------------
20 Mar 2015 13:43 DEBUG    -------------------------------------------------------
20 Mar 2015 13:43 DEBUG    Machine Name: n385
20 Mar 2015 13:43 DEBUG    Machine IP: 10.123.131.131
20 Mar 2015 13:43 DEBUG    Architecture: x86_64
20 Mar 2015 13:43 DEBUG    OS: Linux
20 Mar 2015 13:43 DEBUG    Total Memory: 132064808 kB
20 Mar 2015 13:43 DEBUG    CPU Info: 0 - Intel(R) Xeon(R) CPU E5-2670 v2 @ 2.50GHz
1 - Intel(R) Xeon(R) CPU E5-2670 v2 @ 2.50GHz
2 - Intel(R) Xeon(R) CPU E5-2670 v2 @ 2.50GHz
3 - Intel(R) Xeon(R) CPU E5-2670 v2 @ 2.50GHz
4 - Intel(R) Xeon(R) CPU E5-2670 v2 @ 2.50GHz
5 - Intel(R) Xeon(R) CPU E5-2670 v2 @ 2.50GHz
6 - Intel(R) Xeon(R) CPU E5-2670 v2 @ 2.50GHz
7 - Intel(R) Xeon(R) CPU E5-2670 v2 @ 2.50GHz
8 - Intel(R) Xeon(R) CPU E5-2670 v2 @ 2.50GHz
9 - Intel(R) Xeon(R) CPU E5-2670 v2 @ 2.50GHz
10 - Intel(R) Xeon(R) CPU E5-2670 v2 @ 2.50GHz
11 - Intel(R) Xeon(R) CPU E5-2670 v2 @ 2.50GHz
12 - Intel(R) Xeon(R) CPU E5-2670 v2 @ 2.50GHz
13 - Intel(R) Xeon(R) CPU E5-2670 v2 @ 2.50GHz
14 - Intel(R) Xeon(R) CPU E5-2670 v2 @ 2.50GHz
15 - Intel(R) Xeon(R) CPU E5-2670 v2 @ 2.50GHz
16 - Intel(R) Xeon(R) CPU E5-2670 v2 @ 2.50GHz
17 - Intel(R) Xeon(R) CPU E5-2670 v2 @ 2.50GHz
18 - Intel(R) Xeon(R) CPU E5-2670 v2 @ 2.50GHz
19 - Intel(R) Xeon(R) CPU E5-2670 v2 @ 2.50GHz
20 Mar 2015 13:43 DEBUG    Python Version: 2.7.3
20 Mar 2015 13:43 DEBUG    Linux Version: Red Hat Enterprise Linux Server 6.4 Santiago
20 Mar 2015 13:43 DEBUG    -------------------------------------------------------
20 Mar 2015 13:43 DEBUG    Acquiring inputs...
20 Mar 2015 13:43 DEBUG    Inputs acquired...
20 Mar 2015 13:43 DEBUG    [Errno 2] No such file or directory: '/scratch/cjgrady/lm/jobs/job-110-11044414/Tetramerium_nervosum.lambdas'
20 Mar 2015 13:57 DEBUG    Job start time: 2015-03-20 13:57:19.325639
20 Mar 2015 13:57 DEBUG    -------------------------------------------------------
20 Mar 2015 13:57 DEBUG    Job Id: 11044414
20 Mar 2015 13:57 DEBUG    User Id: cgwillis
20 Mar 2015 13:57 DEBUG    Parent URL: http://lifemapper.org/services/sdm/experiments/1400227
20 Mar 2015 13:57 DEBUG    Object URL: http://lifemapper.org/services/sdm/experiments/1400227
20 Mar 2015 13:57 DEBUG    Institution: University of Kansas Biodiversity Institute
20 Mar 2015 13:57 DEBUG    Admin: CJ Grady
20 Mar 2015 13:57 DEBUG    Admin Email: cjgrady@ku.edu
20 Mar 2015 13:57 DEBUG    Local Machine ID: acf.ku.edu
20 Mar 2015 13:57 DEBUG    -------------------------------------------------------
20 Mar 2015 13:57 DEBUG    Process Id: 88437
20 Mar 2015 13:57 DEBUG    -------------------------------------------------------
20 Mar 2015 13:57 DEBUG    MaxEnt Version: 3.3.3k
20 Mar 2015 13:57 DEBUG    -------------------------------------------------------
20 Mar 2015 13:57 DEBUG    -------------------------------------------------------
20 Mar 2015 13:57 DEBUG    Machine Name: n342
20 Mar 2015 13:57 DEBUG    Machine IP: 10.123.131.88
20 Mar 2015 13:57 DEBUG    Architecture: x86_64
20 Mar 2015 13:57 DEBUG    OS: Linux
20 Mar 2015 13:57 DEBUG    Total Memory: 132064808 kB
20 Mar 2015 13:57 DEBUG    CPU Info: 0 - Intel(R) Xeon(R) CPU E5-2670 v2 @ 2.50GHz
1 - Intel(R) Xeon(R) CPU E5-2670 v2 @ 2.50GHz
2 - Intel(R) Xeon(R) CPU E5-2670 v2 @ 2.50GHz
3 - Intel(R) Xeon(R) CPU E5-2670 v2 @ 2.50GHz
4 - Intel(R) Xeon(R) CPU E5-2670 v2 @ 2.50GHz
5 - Intel(R) Xeon(R) CPU E5-2670 v2 @ 2.50GHz
6 - Intel(R) Xeon(R) CPU E5-2670 v2 @ 2.50GHz
7 - Intel(R) Xeon(R) CPU E5-2670 v2 @ 2.50GHz
8 - Intel(R) Xeon(R) CPU E5-2670 v2 @ 2.50GHz
9 - Intel(R) Xeon(R) CPU E5-2670 v2 @ 2.50GHz
10 - Intel(R) Xeon(R) CPU E5-2670 v2 @ 2.50GHz
11 - Intel(R) Xeon(R) CPU E5-2670 v2 @ 2.50GHz
12 - Intel(R) Xeon(R) CPU E5-2670 v2 @ 2.50GHz
13 - Intel(R) Xeon(R) CPU E5-2670 v2 @ 2.50GHz
14 - Intel(R) Xeon(R) CPU E5-2670 v2 @ 2.50GHz
15 - Intel(R) Xeon(R) CPU E5-2670 v2 @ 2.50GHz
16 - Intel(R) Xeon(R) CPU E5-2670 v2 @ 2.50GHz
17 - Intel(R) Xeon(R) CPU E5-2670 v2 @ 2.50GHz
18 - Intel(R) Xeon(R) CPU E5-2670 v2 @ 2.50GHz
19 - Intel(R) Xeon(R) CPU E5-2670 v2 @ 2.50GHz
20 Mar 2015 13:57 DEBUG    Python Version: 2.7.3
20 Mar 2015 13:57 DEBUG    Linux Version: Red Hat Enterprise Linux Server 6.4 Santiago
20 Mar 2015 13:57 DEBUG    -------------------------------------------------------
20 Mar 2015 13:57 DEBUG    Acquiring inputs...
20 Mar 2015 13:57 DEBUG    Inputs acquired...
