Fri Mar 20 13:57:19 CDT 2015
MaxEnt version 3.3.3k
Checking header of /scratch/cjgrady/lm/jobs/job-110-11044414/layers/layer0.asc
Checking header of /scratch/cjgrady/lm/jobs/job-110-11044414/layers/layer1.asc
Checking header of /scratch/cjgrady/lm/jobs/job-110-11044414/layers/layer10.asc
Checking header of /scratch/cjgrady/lm/jobs/job-110-11044414/layers/layer11.asc
Checking header of /scratch/cjgrady/lm/jobs/job-110-11044414/layers/layer12.asc
Checking header of /scratch/cjgrady/lm/jobs/job-110-11044414/layers/layer13.asc
Checking header of /scratch/cjgrady/lm/jobs/job-110-11044414/layers/layer14.asc
Checking header of /scratch/cjgrady/lm/jobs/job-110-11044414/layers/layer15.asc
Checking header of /scratch/cjgrady/lm/jobs/job-110-11044414/layers/layer16.asc
Time since start: 1.105
Checking header of /scratch/cjgrady/lm/jobs/job-110-11044414/layers/layer2.asc
Checking header of /scratch/cjgrady/lm/jobs/job-110-11044414/layers/layer3.asc
Checking header of /scratch/cjgrady/lm/jobs/job-110-11044414/layers/layer4.asc
Checking header of /scratch/cjgrady/lm/jobs/job-110-11044414/layers/layer5.asc
Checking header of /scratch/cjgrady/lm/jobs/job-110-11044414/layers/layer6.asc
Checking header of /scratch/cjgrady/lm/jobs/job-110-11044414/layers/layer7.asc
Checking header of /scratch/cjgrady/lm/jobs/job-110-11044414/layers/layer8.asc
Checking header of /scratch/cjgrady/lm/jobs/job-110-11044414/layers/layer9.asc
Checking header of /scratch/cjgrady/lm/jobs/job-110-11044414/layers/mask.asc
Reading samples from samples.csv
Read samples: max memory 4772200448, total allocated 2025062400, free 1951012104, used 74050296, increment 74050296
Converting file /scratch/cjgrady/lm/jobs/job-110-11044414/layers/layer0.asc size 932005225, max memory = 4772200448
Reading file layer0.asc
Time since start: 18.323
SIGNEDBYTE, 40864048 pixels with data
readGrid: max memory 4772200448, total allocated 2631204864, free 2073818400, used 557386464, increment 483336168
Writing file /scratch/cjgrady/lm/jobs/job-110-11044414/layers/maxent.cache/layer0.mxe
Time since start: 22.566
Converting file /scratch/cjgrady/lm/jobs/job-110-11044414/layers/layer1.asc size 932005225, max memory = 4772200448
Reading file layer1.asc
Time since start: 39.372
SIGNEDBYTE, 40864048 pixels with data
readGrid: max memory 4772200448, total allocated 2427912192, free 1766117504, used 661794688, increment 104408224
Writing file /scratch/cjgrady/lm/jobs/job-110-11044414/layers/maxent.cache/layer1.mxe
Time since start: 44.025
Converting file /scratch/cjgrady/lm/jobs/job-110-11044414/layers/layer10.asc size 713045348, max memory = 4772200448
Reading file layer10.asc
Time since start: 64.417
SHORT, 40869192 pixels with data
readGrid: max memory 4772200448, total allocated 3145859072, free 1995751568, used 1150107504, increment 488312816
Writing file /scratch/cjgrady/lm/jobs/job-110-11044414/layers/maxent.cache/layer10.mxe
Time since start: 73.91
Converting file /scratch/cjgrady/lm/jobs/job-110-11044414/layers/layer11.asc size 932005225, max memory = 4772200448
Reading file layer11.asc
Time since start: 92.062
SIGNEDBYTE, 40864048 pixels with data
readGrid: max memory 4772200448, total allocated 3161194496, free 1058049344, used 2103145152, increment 953037648
Writing file /scratch/cjgrady/lm/jobs/job-110-11044414/layers/maxent.cache/layer11.mxe
Time since start: 96.822
Converting file /scratch/cjgrady/lm/jobs/job-110-11044414/layers/layer12.asc size 701108858, max memory = 4772200448
Reading file layer12.asc
Time since start: 113.682
SHORT, 40869192 pixels with data
readGrid: max memory 4772200448, total allocated 3163029504, free 252792456, used 2910237048, increment 807091896
Writing file /scratch/cjgrady/lm/jobs/job-110-11044414/layers/maxent.cache/layer12.mxe
Time since start: 123.513
Converting file /scratch/cjgrady/lm/jobs/job-110-11044414/layers/layer13.asc size 1674543889, max memory = 4772200448
Determining type of file layer13.asc
Writing file /scratch/cjgrady/lm/jobs/job-110-11044414/layers/maxent.cache/layer13.mxe
Time since start: 201.532
Converting file /scratch/cjgrady/lm/jobs/job-110-11044414/layers/layer14.asc size 1680646580, max memory = 4772200448
Determining type of file layer14.asc
Writing file /scratch/cjgrady/lm/jobs/job-110-11044414/layers/maxent.cache/layer14.mxe
Time since start: 279.183
Converting file /scratch/cjgrady/lm/jobs/job-110-11044414/layers/layer15.asc size 1677669730, max memory = 4772200448
Determining type of file layer15.asc
Writing file /scratch/cjgrady/lm/jobs/job-110-11044414/layers/maxent.cache/layer15.mxe
Time since start: 355.019
Converting file /scratch/cjgrady/lm/jobs/job-110-11044414/layers/layer16.asc size 1535399409, max memory = 4772200448
Determining type of file layer16.asc
Writing file /scratch/cjgrady/lm/jobs/job-110-11044414/layers/maxent.cache/layer16.mxe
Time since start: 413.63
Converting file /scratch/cjgrady/lm/jobs/job-110-11044414/layers/layer2.asc size 1398760915, max memory = 4772200448
Determining type of file layer2.asc
Writing file /scratch/cjgrady/lm/jobs/job-110-11044414/layers/maxent.cache/layer2.mxe
Time since start: 461.625
Converting file /scratch/cjgrady/lm/jobs/job-110-11044414/layers/layer3.asc size 722021563, max memory = 4772200448
Reading file layer3.asc
Time since start: 477.258
SHORT, 40869192 pixels with data
readGrid: max memory 4772200448, total allocated 2529296384, free 1303059376, used 1226237008, increment -1684000040
Writing file /scratch/cjgrady/lm/jobs/job-110-11044414/layers/maxent.cache/layer3.mxe
Time since start: 486.592
Converting file /scratch/cjgrady/lm/jobs/job-110-11044414/layers/layer4.asc size 676858934, max memory = 4772200448
Reading file layer4.asc
Time since start: 503.12
BYTE, 40869192 pixels with data
readGrid: max memory 4772200448, total allocated 2523856896, free 1413207032, used 1110649864, increment -115587144
Writing file /scratch/cjgrady/lm/jobs/job-110-11044414/layers/maxent.cache/layer4.mxe
Time since start: 511.165
Converting file /scratch/cjgrady/lm/jobs/job-110-11044414/layers/layer5.asc size 706760949, max memory = 4772200448
Reading file layer5.asc
Time since start: 526.286
SHORT, 40869192 pixels with data
readGrid: max memory 4772200448, total allocated 2158297088, free 829283280, used 1329013808, increment 218363944
Writing file /scratch/cjgrady/lm/jobs/job-110-11044414/layers/maxent.cache/layer5.mxe
Time since start: 535.106
Converting file /scratch/cjgrady/lm/jobs/job-110-11044414/layers/layer6.asc size 932005225, max memory = 4772200448
Reading file layer6.asc
Time since start: 550.902
SIGNEDBYTE, 40864048 pixels with data
readGrid: max memory 4772200448, total allocated 1411842048, free 485046384, used 926795664, increment -402218144
Writing file /scratch/cjgrady/lm/jobs/job-110-11044414/layers/maxent.cache/layer6.mxe
Time since start: 555.722
Converting file /scratch/cjgrady/lm/jobs/job-110-11044414/layers/layer7.asc size 1535541618, max memory = 4772200448
Determining type of file layer7.asc
Writing file /scratch/cjgrady/lm/jobs/job-110-11044414/layers/maxent.cache/layer7.mxe
Time since start: 626.888
Converting file /scratch/cjgrady/lm/jobs/job-110-11044414/layers/layer8.asc size 1508209179, max memory = 4772200448
Determining type of file layer8.asc
Writing file /scratch/cjgrady/lm/jobs/job-110-11044414/layers/maxent.cache/layer8.mxe
Time since start: 689.964
Converting file /scratch/cjgrady/lm/jobs/job-110-11044414/layers/layer9.asc size 717124441, max memory = 4772200448
Reading file layer9.asc
Time since start: 705.047
SHORT, 40869192 pixels with data
readGrid: max memory 4772200448, total allocated 1123483648, free 373711832, used 749771816, increment -177023848
Writing file /scratch/cjgrady/lm/jobs/job-110-11044414/layers/maxent.cache/layer9.mxe
Time since start: 715.028
Converting file /scratch/cjgrady/lm/jobs/job-110-11044414/layers/mask.asc size 932005225, max memory = 4772200448
Reading file mask.asc
Time since start: 730.669
SIGNEDBYTE, 40864048 pixels with data
readGrid: max memory 4772200448, total allocated 2423717888, free 1878060648, used 545657240, increment -204114576
Writing file /scratch/cjgrady/lm/jobs/job-110-11044414/layers/maxent.cache/mask.mxe
Time since start: 735.453
Extractor: max memory 4772200448, total allocated 2423717888, free 1878060648, used 545657240, increment 0
Extracting random background and sample data
Warning: Sample at -111.05, 27.95 in samples.csv is missing some environmental data (e.g. layer0)
Warning: Skipping sample at -111.05, 27.95 which has no environmental data
Warning: Sample at -110.35, 24.167 in samples.csv is missing some environmental data (e.g. layer0)
Warning: Skipping sample at -110.35, 24.167 which has no environmental data
Warning: Sample at -102.192, 17.95 in samples.csv is missing some environmental data (e.g. layer0)
Warning: Skipping sample at -102.192, 17.95 which has no environmental data
Warning: Sample at -96.161, 15.755 in samples.csv is missing some environmental data (e.g. layer0)
Warning: Skipping sample at -96.161, 15.755 which has no environmental data
Warning: Sample at -96.201, 15.745 in samples.csv is missing some environmental data (e.g. layer0)
Warning: Skipping sample at -96.201, 15.745 which has no environmental data
Warning: Sample at -96.211, 15.72 in samples.csv is missing some environmental data (e.g. layer0)
Warning: Skipping sample at -96.211, 15.72 which has no environmental data
Warning: Sample at -96.169, 15.72 in samples.csv is missing some environmental data (e.g. layer0)
Warning: Skipping sample at -96.169, 15.72 which has no environmental data
Warning: Sample at -96.163, 15.719 in samples.csv is missing some environmental data (e.g. layer0)
Warning: Skipping sample at -96.163, 15.719 which has no environmental data
Warning: Sample at -96.157, 15.725 in samples.csv is missing some environmental data (e.g. layer0)
Warning: Skipping sample at -96.157, 15.725 which has no environmental data
Warning: Sample at -96.24, 15.69 in samples.csv is missing some environmental data (e.g. layer0)
Warning: Skipping sample at -96.24, 15.69 which has no environmental data
Warning: Sample at -96.24, 15.691 in samples.csv is missing some environmental data (e.g. layer0)
Warning: Skipping sample at -96.24, 15.691 which has no environmental data
Time since start: 804.567
40824659 points with values for all grids
Adding samples to background in feature space
Command line used:  -s /scratch/cjgrady/lm/jobs/job-110-11044414/samples.csv -e /scratch/cjgrady/lm/jobs/job-110-11044414/layers -o /scratch/cjgrady/lm/jobs/job-110-11044414 --responsecurves=false --jackknife=true --threshold=false --maximumiterations=500 --outputformat=raw --convergencethreshold=1e-05 nowarnings autorun -z
Command line to repeat: java density.MaxEnt nowarnings noprefixes outputdirectory=/scratch/cjgrady/lm/jobs/job-110-11044414 samplesfile=/scratch/cjgrady/lm/jobs/job-110-11044414/samples.csv environmentallayers=/scratch/cjgrady/lm/jobs/job-110-11044414/layers nowarnings autorun novisible
Species: Tetramerium_nervosum
Layers: layer0 layer1 layer10 layer11 layer12 layer13 layer14 layer15 layer16 layer2 layer3 layer4 layer5 layer6 layer7 layer8 layer9 mask
Layertypes: Continuous Continuous Continuous Continuous Continuous Continuous Continuous Continuous Continuous Continuous Continuous Continuous Continuous Continuous Continuous Continuous Continuous Continuous
outputdirectory: /scratch/cjgrady/lm/jobs/job-110-11044414
samplesfile: /scratch/cjgrady/lm/jobs/job-110-11044414/samples.csv
environmentallayers: /scratch/cjgrady/lm/jobs/job-110-11044414/layers
warnings: false
autorun: true
visible: false

getSamples: max memory 4772200448, total allocated 2423717888, free 1808456384, used 615261504, increment 69604264
Making features
makeFeatures: max memory 4772200448, total allocated 2423717888, free 1808456384, used 615261504, increment 0
Tetramerium_nervosum: 
Regularization values: linear/quadratic/product: 0.050, categorical: 0.250, threshold: 1.000, hinge: 0.500
435 samples
Density: max memory 4772200448, total allocated 2423717888, free 1773574600, used 650143288, increment 34881784
linearPredictor: max memory 4772200448, total allocated 2423717888, free 1773574600, used 650143288, increment 0
Time since start: 805.602
FeaturedSpace: max memory 4772200448, total allocated 2423717888, free 1773574600, used 650143288, increment 0
Sequential: max memory 4772200448, total allocated 2423717888, free 1773574600, used 650143288, increment 0
Initial loss: 9.252920819511301
Time since start: 821.637
500: time = 16.033000 loss = 6.762256
Resulting gain: 2.490664583101493
Projecting...
Writing file /scratch/cjgrady/lm/jobs/job-110-11044414/Tetramerium_nervosum.asc
Time since start: 1182.383
Writing /scratch/cjgrady/lm/jobs/job-110-11044414/plots/Tetramerium_nervosum.png
Time since start: 1206.005
Ending
