26 Feb 2015 12:24 DEBUG    Job start time: 2015-02-26 12:24:39.516530
26 Feb 2015 12:24 DEBUG    -------------------------------------------------------
26 Feb 2015 12:24 DEBUG    Job Id: 11031260
26 Feb 2015 12:24 DEBUG    User Id: demo2
26 Feb 2015 12:24 DEBUG    Parent URL: http://lifemapper.org/services/sdm/experiments/1399775
26 Feb 2015 12:24 DEBUG    Object URL: http://lifemapper.org/services/sdm/experiments/1399775
26 Feb 2015 12:24 DEBUG    Institution: University of Kansas Biodiversity Institute
26 Feb 2015 12:24 DEBUG    Admin: CJ Grady
26 Feb 2015 12:24 DEBUG    Admin Email: cjgrady@ku.edu
26 Feb 2015 12:24 DEBUG    Local Machine ID: birc.biodiversity.ku.edu
26 Feb 2015 12:24 DEBUG    -------------------------------------------------------
26 Feb 2015 12:24 DEBUG    Process Id: 10403
26 Feb 2015 12:24 DEBUG    -------------------------------------------------------
26 Feb 2015 12:24 DEBUG    MaxEnt Version: 3.3.3k
26 Feb 2015 12:24 DEBUG    -------------------------------------------------------
26 Feb 2015 12:24 DEBUG    -------------------------------------------------------
26 Feb 2015 12:24 DEBUG    Machine Name: compute-1-2.local
26 Feb 2015 12:24 DEBUG    Machine IP: 192.168.200.252
26 Feb 2015 12:24 DEBUG    Architecture: x86_64
26 Feb 2015 12:24 DEBUG    OS: Linux
26 Feb 2015 12:24 DEBUG    Total Memory: 66026528 kB
26 Feb 2015 12:24 DEBUG    CPU Info: 0 - Intel(R) Xeon(R) CPU E5-2430 0 @ 2.20GHz
1 - Intel(R) Xeon(R) CPU E5-2430 0 @ 2.20GHz
2 - Intel(R) Xeon(R) CPU E5-2430 0 @ 2.20GHz
3 - Intel(R) Xeon(R) CPU E5-2430 0 @ 2.20GHz
4 - Intel(R) Xeon(R) CPU E5-2430 0 @ 2.20GHz
5 - Intel(R) Xeon(R) CPU E5-2430 0 @ 2.20GHz
6 - Intel(R) Xeon(R) CPU E5-2430 0 @ 2.20GHz
7 - Intel(R) Xeon(R) CPU E5-2430 0 @ 2.20GHz
8 - Intel(R) Xeon(R) CPU E5-2430 0 @ 2.20GHz
9 - Intel(R) Xeon(R) CPU E5-2430 0 @ 2.20GHz
10 - Intel(R) Xeon(R) CPU E5-2430 0 @ 2.20GHz
11 - Intel(R) Xeon(R) CPU E5-2430 0 @ 2.20GHz
12 - Intel(R) Xeon(R) CPU E5-2430 0 @ 2.20GHz
13 - Intel(R) Xeon(R) CPU E5-2430 0 @ 2.20GHz
14 - Intel(R) Xeon(R) CPU E5-2430 0 @ 2.20GHz
15 - Intel(R) Xeon(R) CPU E5-2430 0 @ 2.20GHz
16 - Intel(R) Xeon(R) CPU E5-2430 0 @ 2.20GHz
17 - Intel(R) Xeon(R) CPU E5-2430 0 @ 2.20GHz
18 - Intel(R) Xeon(R) CPU E5-2430 0 @ 2.20GHz
19 - Intel(R) Xeon(R) CPU E5-2430 0 @ 2.20GHz
20 - Intel(R) Xeon(R) CPU E5-2430 0 @ 2.20GHz
21 - Intel(R) Xeon(R) CPU E5-2430 0 @ 2.20GHz
22 - Intel(R) Xeon(R) CPU E5-2430 0 @ 2.20GHz
23 - Intel(R) Xeon(R) CPU E5-2430 0 @ 2.20GHz
26 Feb 2015 12:24 DEBUG    Python Version: 2.7.3
26 Feb 2015 12:24 DEBUG    Linux Version: CentOS 6.3 Final
26 Feb 2015 12:24 DEBUG    -------------------------------------------------------
26 Feb 2015 12:24 DEBUG    Acquiring inputs...
26 Feb 2015 12:24 DEBUG    Inputs acquired...
