Fri Mar 20 13:54:39 CDT 2015
MaxEnt version 3.3.3k
Checking header of /scratch/cjgrady/lm/jobs/job-110-11044430/layers/layer0.asc
Checking header of /scratch/cjgrady/lm/jobs/job-110-11044430/layers/layer1.asc
Checking header of /scratch/cjgrady/lm/jobs/job-110-11044430/layers/layer10.asc
Checking header of /scratch/cjgrady/lm/jobs/job-110-11044430/layers/layer11.asc
Checking header of /scratch/cjgrady/lm/jobs/job-110-11044430/layers/layer12.asc
Checking header of /scratch/cjgrady/lm/jobs/job-110-11044430/layers/layer13.asc
Checking header of /scratch/cjgrady/lm/jobs/job-110-11044430/layers/layer14.asc
Checking header of /scratch/cjgrady/lm/jobs/job-110-11044430/layers/layer15.asc
Checking header of /scratch/cjgrady/lm/jobs/job-110-11044430/layers/layer16.asc
Checking header of /scratch/cjgrady/lm/jobs/job-110-11044430/layers/layer2.asc
Checking header of /scratch/cjgrady/lm/jobs/job-110-11044430/layers/layer3.asc
Checking header of /scratch/cjgrady/lm/jobs/job-110-11044430/layers/layer4.asc
Checking header of /scratch/cjgrady/lm/jobs/job-110-11044430/layers/layer5.asc
Checking header of /scratch/cjgrady/lm/jobs/job-110-11044430/layers/layer6.asc
Checking header of /scratch/cjgrady/lm/jobs/job-110-11044430/layers/layer7.asc
Checking header of /scratch/cjgrady/lm/jobs/job-110-11044430/layers/layer8.asc
Checking header of /scratch/cjgrady/lm/jobs/job-110-11044430/layers/layer9.asc
Checking header of /scratch/cjgrady/lm/jobs/job-110-11044430/layers/mask.asc
Reading samples from samples.csv
Read samples: max memory 4772200448, total allocated 2025062400, free 1951021424, used 74040976, increment 74040976
Converting file /scratch/cjgrady/lm/jobs/job-110-11044430/layers/layer0.asc size 932005225, max memory = 4772200448
Reading file layer0.asc
Time since start: 15.582
SIGNEDBYTE, 40864048 pixels with data
readGrid: max memory 4772200448, total allocated 2735538176, free 1326266848, used 1409271328, increment 1335230352
Writing file /scratch/cjgrady/lm/jobs/job-110-11044430/layers/maxent.cache/layer0.mxe
Time since start: 20.18
Converting file /scratch/cjgrady/lm/jobs/job-110-11044430/layers/layer1.asc size 932005225, max memory = 4772200448
Reading file layer1.asc
Time since start: 35.696
SIGNEDBYTE, 40864048 pixels with data
readGrid: max memory 4772200448, total allocated 2121203712, free 1145302184, used 975901528, increment -433369800
Writing file /scratch/cjgrady/lm/jobs/job-110-11044430/layers/maxent.cache/layer1.mxe
Time since start: 40.324
Converting file /scratch/cjgrady/lm/jobs/job-110-11044430/layers/layer10.asc size 713045348, max memory = 4772200448
Reading file layer10.asc
Time since start: 55.039
SHORT, 40869192 pixels with data
readGrid: max memory 4772200448, total allocated 3161784320, free 1422069568, used 1739714752, increment 763813224
Writing file /scratch/cjgrady/lm/jobs/job-110-11044430/layers/maxent.cache/layer10.mxe
Time since start: 64.445
Converting file /scratch/cjgrady/lm/jobs/job-110-11044430/layers/layer11.asc size 932005225, max memory = 4772200448
Reading file layer11.asc
Time since start: 79.921
SIGNEDBYTE, 40864048 pixels with data
readGrid: max memory 4772200448, total allocated 2896429056, free 1035627456, used 1860801600, increment 121086848
Writing file /scratch/cjgrady/lm/jobs/job-110-11044430/layers/maxent.cache/layer11.mxe
Time since start: 84.449
Converting file /scratch/cjgrady/lm/jobs/job-110-11044430/layers/layer12.asc size 701108858, max memory = 4772200448
Reading file layer12.asc
Time since start: 98.925
SHORT, 40869192 pixels with data
readGrid: max memory 4772200448, total allocated 3163488256, free 539044624, used 2624443632, increment 763642032
Writing file /scratch/cjgrady/lm/jobs/job-110-11044430/layers/maxent.cache/layer12.mxe
Time since start: 108.395
Converting file /scratch/cjgrady/lm/jobs/job-110-11044430/layers/layer13.asc size 1674543889, max memory = 4772200448
Determining type of file layer13.asc
Writing file /scratch/cjgrady/lm/jobs/job-110-11044430/layers/maxent.cache/layer13.mxe
Time since start: 186.6
Converting file /scratch/cjgrady/lm/jobs/job-110-11044430/layers/layer14.asc size 1680646580, max memory = 4772200448
Determining type of file layer14.asc
Writing file /scratch/cjgrady/lm/jobs/job-110-11044430/layers/maxent.cache/layer14.mxe
Time since start: 262.567
Converting file /scratch/cjgrady/lm/jobs/job-110-11044430/layers/layer15.asc size 1677669730, max memory = 4772200448
Determining type of file layer15.asc
Writing file /scratch/cjgrady/lm/jobs/job-110-11044430/layers/maxent.cache/layer15.mxe
Time since start: 340.177
Converting file /scratch/cjgrady/lm/jobs/job-110-11044430/layers/layer16.asc size 1535399409, max memory = 4772200448
Determining type of file layer16.asc
Writing file /scratch/cjgrady/lm/jobs/job-110-11044430/layers/maxent.cache/layer16.mxe
Time since start: 399.582
Converting file /scratch/cjgrady/lm/jobs/job-110-11044430/layers/layer2.asc size 1398760915, max memory = 4772200448
Determining type of file layer2.asc
Writing file /scratch/cjgrady/lm/jobs/job-110-11044430/layers/maxent.cache/layer2.mxe
Time since start: 447.979
Converting file /scratch/cjgrady/lm/jobs/job-110-11044430/layers/layer3.asc size 722021563, max memory = 4772200448
Reading file layer3.asc
Time since start: 462.695
SHORT, 40869192 pixels with data
readGrid: max memory 4772200448, total allocated 2548170752, free 944266776, used 1603903976, increment -1020539656
Writing file /scratch/cjgrady/lm/jobs/job-110-11044430/layers/maxent.cache/layer3.mxe
Time since start: 472.321
Converting file /scratch/cjgrady/lm/jobs/job-110-11044430/layers/layer4.asc size 676858934, max memory = 4772200448
Reading file layer4.asc
Time since start: 487.248
BYTE, 40869192 pixels with data
readGrid: max memory 4772200448, total allocated 1862664192, free 1246138472, used 616525720, increment -987378256
Writing file /scratch/cjgrady/lm/jobs/job-110-11044430/layers/maxent.cache/layer4.mxe
Time since start: 495.301
Converting file /scratch/cjgrady/lm/jobs/job-110-11044430/layers/layer5.asc size 706760949, max memory = 4772200448
Reading file layer5.asc
Time since start: 509.513
SHORT, 40869192 pixels with data
readGrid: max memory 4772200448, total allocated 1810956288, free 541230632, used 1269725656, increment 653199936
Writing file /scratch/cjgrady/lm/jobs/job-110-11044430/layers/maxent.cache/layer5.mxe
Time since start: 518.623
Converting file /scratch/cjgrady/lm/jobs/job-110-11044430/layers/layer6.asc size 932005225, max memory = 4772200448
Reading file layer6.asc
Time since start: 533.671
SIGNEDBYTE, 40864048 pixels with data
readGrid: max memory 4772200448, total allocated 1516765184, free 413138920, used 1103626264, increment -166099392
Writing file /scratch/cjgrady/lm/jobs/job-110-11044430/layers/maxent.cache/layer6.mxe
Time since start: 538.557
Converting file /scratch/cjgrady/lm/jobs/job-110-11044430/layers/layer7.asc size 1535541618, max memory = 4772200448
Determining type of file layer7.asc
Writing file /scratch/cjgrady/lm/jobs/job-110-11044430/layers/maxent.cache/layer7.mxe
Time since start: 613.266
Converting file /scratch/cjgrady/lm/jobs/job-110-11044430/layers/layer8.asc size 1508209179, max memory = 4772200448
Determining type of file layer8.asc
Writing file /scratch/cjgrady/lm/jobs/job-110-11044430/layers/maxent.cache/layer8.mxe
Time since start: 676.375
Converting file /scratch/cjgrady/lm/jobs/job-110-11044430/layers/layer9.asc size 717124441, max memory = 4772200448
Reading file layer9.asc
Time since start: 690.895
SHORT, 40869192 pixels with data
readGrid: max memory 4772200448, total allocated 1627455488, free 799154080, used 828301408, increment -275324856
Writing file /scratch/cjgrady/lm/jobs/job-110-11044430/layers/maxent.cache/layer9.mxe
Time since start: 700.876
Converting file /scratch/cjgrady/lm/jobs/job-110-11044430/layers/mask.asc size 932005225, max memory = 4772200448
Reading file mask.asc
Time since start: 715.854
SIGNEDBYTE, 40864048 pixels with data
readGrid: max memory 4772200448, total allocated 1503526912, free 846425808, used 657101104, increment -171200304
Writing file /scratch/cjgrady/lm/jobs/job-110-11044430/layers/maxent.cache/mask.mxe
Time since start: 720.659
Extractor: max memory 4772200448, total allocated 1503526912, free 846423656, used 657103256, increment 2152
Extracting random background and sample data
Time since start: 791.322
40824659 points with values for all grids
Adding samples to background in feature space
Command line used:  -s /scratch/cjgrady/lm/jobs/job-110-11044430/samples.csv -e /scratch/cjgrady/lm/jobs/job-110-11044430/layers -o /scratch/cjgrady/lm/jobs/job-110-11044430 --responsecurves=false --jackknife=true --threshold=false --maximumiterations=500 --outputformat=raw --convergencethreshold=1e-05 nowarnings autorun -z
Command line to repeat: java density.MaxEnt nowarnings noprefixes outputdirectory=/scratch/cjgrady/lm/jobs/job-110-11044430 samplesfile=/scratch/cjgrady/lm/jobs/job-110-11044430/samples.csv environmentallayers=/scratch/cjgrady/lm/jobs/job-110-11044430/layers nowarnings autorun novisible
Species: Anisacanthus_thurberi
Layers: layer0 layer1 layer10 layer11 layer12 layer13 layer14 layer15 layer16 layer2 layer3 layer4 layer5 layer6 layer7 layer8 layer9 mask
Layertypes: Continuous Continuous Continuous Continuous Continuous Continuous Continuous Continuous Continuous Continuous Continuous Continuous Continuous Continuous Continuous Continuous Continuous Continuous
outputdirectory: /scratch/cjgrady/lm/jobs/job-110-11044430
samplesfile: /scratch/cjgrady/lm/jobs/job-110-11044430/samples.csv
environmentallayers: /scratch/cjgrady/lm/jobs/job-110-11044430/layers
warnings: false
autorun: true
visible: false

getSamples: max memory 4772200448, total allocated 1503526912, free 832330136, used 671196776, increment 14093520
Making features
makeFeatures: max memory 4772200448, total allocated 1503526912, free 804065328, used 699461584, increment 28264808
Anisacanthus_thurberi: 
Regularization values: linear/quadratic/product: 0.050, categorical: 0.250, threshold: 1.000, hinge: 0.500
229 samples
Density: max memory 4772200448, total allocated 1503526912, free 771057376, used 732469536, increment 33007952
linearPredictor: max memory 4772200448, total allocated 1503526912, free 771057376, used 732469536, increment 0
FeaturedSpace: max memory 4772200448, total allocated 1503526912, free 771057376, used 732469536, increment 0
Sequential: max memory 4772200448, total allocated 1503526912, free 771057376, used 732469536, increment 0
Initial loss: 9.232982102457008
Time since start: 805.237
500: time = 12.963000 loss = 5.976103
Resulting gain: 3.25687875609092
Projecting...
Writing file /scratch/cjgrady/lm/jobs/job-110-11044430/Anisacanthus_thurberi.asc
Time since start: 1106.718
Writing /scratch/cjgrady/lm/jobs/job-110-11044430/plots/Anisacanthus_thurberi.png
Time since start: 1128.207
Ending
