Fri Mar 20 13:59:25 CDT 2015
MaxEnt version 3.3.3k
Checking header of /scratch/cjgrady/lm/jobs/job-110-11044446/layers/layer0.asc
Checking header of /scratch/cjgrady/lm/jobs/job-110-11044446/layers/layer1.asc
Checking header of /scratch/cjgrady/lm/jobs/job-110-11044446/layers/layer10.asc
Checking header of /scratch/cjgrady/lm/jobs/job-110-11044446/layers/layer11.asc
Checking header of /scratch/cjgrady/lm/jobs/job-110-11044446/layers/layer12.asc
Checking header of /scratch/cjgrady/lm/jobs/job-110-11044446/layers/layer13.asc
Checking header of /scratch/cjgrady/lm/jobs/job-110-11044446/layers/layer14.asc
Checking header of /scratch/cjgrady/lm/jobs/job-110-11044446/layers/layer15.asc
Checking header of /scratch/cjgrady/lm/jobs/job-110-11044446/layers/layer16.asc
Checking header of /scratch/cjgrady/lm/jobs/job-110-11044446/layers/layer2.asc
Checking header of /scratch/cjgrady/lm/jobs/job-110-11044446/layers/layer3.asc
Checking header of /scratch/cjgrady/lm/jobs/job-110-11044446/layers/layer4.asc
Checking header of /scratch/cjgrady/lm/jobs/job-110-11044446/layers/layer5.asc
Checking header of /scratch/cjgrady/lm/jobs/job-110-11044446/layers/layer6.asc
Checking header of /scratch/cjgrady/lm/jobs/job-110-11044446/layers/layer7.asc
Checking header of /scratch/cjgrady/lm/jobs/job-110-11044446/layers/layer8.asc
Checking header of /scratch/cjgrady/lm/jobs/job-110-11044446/layers/layer9.asc
Checking header of /scratch/cjgrady/lm/jobs/job-110-11044446/layers/mask.asc
Reading samples from samples.csv
Read samples: max memory 4772200448, total allocated 2025062400, free 1951102080, used 73960320, increment 73960320
Converting file /scratch/cjgrady/lm/jobs/job-110-11044446/layers/layer0.asc size 932005225, max memory = 4772200448
Reading file layer0.asc
Time since start: 31.278
SIGNEDBYTE, 40864048 pixels with data
readGrid: max memory 4772200448, total allocated 3072327680, free 2037949232, used 1034378448, increment 960418128
Writing file /scratch/cjgrady/lm/jobs/job-110-11044446/layers/maxent.cache/layer0.mxe
Time since start: 36.956
Converting file /scratch/cjgrady/lm/jobs/job-110-11044446/layers/layer1.asc size 932005225, max memory = 4772200448
Reading file layer1.asc
Time since start: 57.169
SIGNEDBYTE, 40864048 pixels with data
readGrid: max memory 4772200448, total allocated 3108306944, free 1221256992, used 1887049952, increment 852671504
Writing file /scratch/cjgrady/lm/jobs/job-110-11044446/layers/maxent.cache/layer1.mxe
Time since start: 63.488
Converting file /scratch/cjgrady/lm/jobs/job-110-11044446/layers/layer10.asc size 713045348, max memory = 4772200448
Reading file layer10.asc
Time since start: 85.909
SHORT, 40869192 pixels with data
readGrid: max memory 4772200448, total allocated 3142713344, free 1412218728, used 1730494616, increment -156555336
Writing file /scratch/cjgrady/lm/jobs/job-110-11044446/layers/maxent.cache/layer10.mxe
Time since start: 98.079
Converting file /scratch/cjgrady/lm/jobs/job-110-11044446/layers/layer11.asc size 932005225, max memory = 4772200448
Reading file layer11.asc
Time since start: 120.326
SIGNEDBYTE, 40864048 pixels with data
readGrid: max memory 4772200448, total allocated 3160539136, free 1989235808, used 1171303328, increment -559191288
Writing file /scratch/cjgrady/lm/jobs/job-110-11044446/layers/maxent.cache/layer11.mxe
Time since start: 126.32
Converting file /scratch/cjgrady/lm/jobs/job-110-11044446/layers/layer12.asc size 701108858, max memory = 4772200448
Reading file layer12.asc
Time since start: 144.413
SHORT, 40869192 pixels with data
readGrid: max memory 4772200448, total allocated 3166699520, free 1215466336, used 1951233184, increment 779929856
Writing file /scratch/cjgrady/lm/jobs/job-110-11044446/layers/maxent.cache/layer12.mxe
Time since start: 156.199
Converting file /scratch/cjgrady/lm/jobs/job-110-11044446/layers/layer13.asc size 1674543889, max memory = 4772200448
Determining type of file layer13.asc
Writing file /scratch/cjgrady/lm/jobs/job-110-11044446/layers/maxent.cache/layer13.mxe
Time since start: 258.406
Converting file /scratch/cjgrady/lm/jobs/job-110-11044446/layers/layer14.asc size 1680646580, max memory = 4772200448
Determining type of file layer14.asc
Writing file /scratch/cjgrady/lm/jobs/job-110-11044446/layers/maxent.cache/layer14.mxe
Time since start: 360.334
Converting file /scratch/cjgrady/lm/jobs/job-110-11044446/layers/layer15.asc size 1677669730, max memory = 4772200448
Determining type of file layer15.asc
Writing file /scratch/cjgrady/lm/jobs/job-110-11044446/layers/maxent.cache/layer15.mxe
Time since start: 464.127
Converting file /scratch/cjgrady/lm/jobs/job-110-11044446/layers/layer16.asc size 1535399409, max memory = 4772200448
Determining type of file layer16.asc
Writing file /scratch/cjgrady/lm/jobs/job-110-11044446/layers/maxent.cache/layer16.mxe
Time since start: 541.125
Converting file /scratch/cjgrady/lm/jobs/job-110-11044446/layers/layer2.asc size 1398760915, max memory = 4772200448
Determining type of file layer2.asc
Writing file /scratch/cjgrady/lm/jobs/job-110-11044446/layers/maxent.cache/layer2.mxe
Time since start: 605.491
Converting file /scratch/cjgrady/lm/jobs/job-110-11044446/layers/layer3.asc size 722021563, max memory = 4772200448
Reading file layer3.asc
Time since start: 625.34
SHORT, 40869192 pixels with data
readGrid: max memory 4772200448, total allocated 2557870080, free 1779844576, used 778025504, increment -1173207680
Writing file /scratch/cjgrady/lm/jobs/job-110-11044446/layers/maxent.cache/layer3.mxe
Time since start: 637.315
Converting file /scratch/cjgrady/lm/jobs/job-110-11044446/layers/layer4.asc size 676858934, max memory = 4772200448
Reading file layer4.asc
Time since start: 657.808
BYTE, 40869192 pixels with data
readGrid: max memory 4772200448, total allocated 1889599488, free 940855800, used 948743688, increment 170718184
Writing file /scratch/cjgrady/lm/jobs/job-110-11044446/layers/maxent.cache/layer4.mxe
Time since start: 667.497
Converting file /scratch/cjgrady/lm/jobs/job-110-11044446/layers/layer5.asc size 706760949, max memory = 4772200448
Reading file layer5.asc
Time since start: 685.911
SHORT, 40869192 pixels with data
readGrid: max memory 4772200448, total allocated 1478688768, free 243161792, used 1235526976, increment 286783288
Writing file /scratch/cjgrady/lm/jobs/job-110-11044446/layers/maxent.cache/layer5.mxe
Time since start: 697.257
Converting file /scratch/cjgrady/lm/jobs/job-110-11044446/layers/layer6.asc size 932005225, max memory = 4772200448
Reading file layer6.asc
Time since start: 716.611
SIGNEDBYTE, 40864048 pixels with data
readGrid: max memory 4772200448, total allocated 1094582272, free 358670032, used 735912240, increment -499614736
Writing file /scratch/cjgrady/lm/jobs/job-110-11044446/layers/maxent.cache/layer6.mxe
Time since start: 722.138
Converting file /scratch/cjgrady/lm/jobs/job-110-11044446/layers/layer7.asc size 1535541618, max memory = 4772200448
Determining type of file layer7.asc
Writing file /scratch/cjgrady/lm/jobs/job-110-11044446/layers/maxent.cache/layer7.mxe
Time since start: 817.801
Converting file /scratch/cjgrady/lm/jobs/job-110-11044446/layers/layer8.asc size 1508209179, max memory = 4772200448
Determining type of file layer8.asc
Writing file /scratch/cjgrady/lm/jobs/job-110-11044446/layers/maxent.cache/layer8.mxe
Time since start: 902.129
Converting file /scratch/cjgrady/lm/jobs/job-110-11044446/layers/layer9.asc size 717124441, max memory = 4772200448
Reading file layer9.asc
Time since start: 922.875
SHORT, 40869192 pixels with data
readGrid: max memory 4772200448, total allocated 1561526272, free 976097264, used 585429008, increment -150483232
Writing file /scratch/cjgrady/lm/jobs/job-110-11044446/layers/maxent.cache/layer9.mxe
Time since start: 935.224
Converting file /scratch/cjgrady/lm/jobs/job-110-11044446/layers/mask.asc size 932005225, max memory = 4772200448
Reading file mask.asc
Time since start: 956.619
SIGNEDBYTE, 40864048 pixels with data
readGrid: max memory 4772200448, total allocated 1082785792, free 430931224, used 651854568, increment 66425560
Writing file /scratch/cjgrady/lm/jobs/job-110-11044446/layers/maxent.cache/mask.mxe
Time since start: 962.511
Extractor: max memory 4772200448, total allocated 1082785792, free 430929072, used 651856720, increment 2152
Extracting random background and sample data
Time since start: 1056.28
40824659 points with values for all grids
Adding samples to background in feature space
Command line used:  -s /scratch/cjgrady/lm/jobs/job-110-11044446/samples.csv -e /scratch/cjgrady/lm/jobs/job-110-11044446/layers -o /scratch/cjgrady/lm/jobs/job-110-11044446 --responsecurves=false --jackknife=true --threshold=false --maximumiterations=500 --outputformat=raw --convergencethreshold=1e-05 nowarnings autorun -z
Command line to repeat: java density.MaxEnt nowarnings noprefixes outputdirectory=/scratch/cjgrady/lm/jobs/job-110-11044446 samplesfile=/scratch/cjgrady/lm/jobs/job-110-11044446/samples.csv environmentallayers=/scratch/cjgrady/lm/jobs/job-110-11044446/layers nowarnings autorun novisible
Species: Eranthemum_pulchellum
Layers: layer0 layer1 layer10 layer11 layer12 layer13 layer14 layer15 layer16 layer2 layer3 layer4 layer5 layer6 layer7 layer8 layer9 mask
Layertypes: Continuous Continuous Continuous Continuous Continuous Continuous Continuous Continuous Continuous Continuous Continuous Continuous Continuous Continuous Continuous Continuous Continuous Continuous
outputdirectory: /scratch/cjgrady/lm/jobs/job-110-11044446
samplesfile: /scratch/cjgrady/lm/jobs/job-110-11044446/samples.csv
environmentallayers: /scratch/cjgrady/lm/jobs/job-110-11044446/layers
warnings: false
autorun: true
visible: false

getSamples: max memory 4772200448, total allocated 1082785792, free 421720704, used 661065088, increment 9208368
Making features
makeFeatures: max memory 4772200448, total allocated 1082785792, free 403148304, used 679637488, increment 18572400
Eranthemum_pulchellum: 
Regularization values: linear/quadratic/product: 1.000, categorical: 0.620, threshold: 1.980, hinge: 0.500
2 samples
Density: max memory 4772200448, total allocated 1082785792, free 403148304, used 679637488, increment 0
linearPredictor: max memory 4772200448, total allocated 1082785792, free 403148304, used 679637488, increment 0
FeaturedSpace: max memory 4772200448, total allocated 1082785792, free 403148304, used 679637488, increment 0
Sequential: max memory 4772200448, total allocated 1082785792, free 403148304, used 679637488, increment 0
Initial loss: 9.21054035197885
Time since start: 1057.297
360: time = 0.547000 loss = 2.170122
Resulting gain: 7.040418764987512
Time since start: 1058.587
Projecting...
Writing file /scratch/cjgrady/lm/jobs/job-110-11044446/Eranthemum_pulchellum.asc
Time since start: 1322.671
Writing /scratch/cjgrady/lm/jobs/job-110-11044446/plots/Eranthemum_pulchellum.png
Time since start: 1358.428
Ending
